<?xml version="1.0" encoding="UTF-8"?>
<testsuite name="Tests" tests="1" skipped="0" failures="0" errors="0" timestamp="2020-02-02T02:38:25" hostname="Korigans-MBP.attlocal.net" time="0.001">
  <properties/>
  <testcase name="testSolution" classname="Tests" time="0.001"/>
  <system-out><![CDATA[]]></system-out>
  <system-err><![CDATA[]]></system-err>
</testsuite>
